# JRE version: Java(TM) SE Runtime Environment (8.0_121-b13) (build 1.8.0_121-b13)
# Java VM: Java HotSpot(TM) 64-Bit Server VM (25.121-b13 mixed mode linux-amd64 compressed oops)
Heap:
 PSYoungGen      total 576512K, used 161129K [0x00000000d6e00000, 0x0000000100000000, 0x0000000100000000)
  eden space 480256K, 20% used [0x00000000d6e00000,0x00000000dcf0aef0,0x00000000f4300000)
  from space 96256K, 64% used [0x00000000fa200000,0x00000000fde4f640,0x0000000100000000)
  to   space 96768K, 0% used [0x00000000f4300000,0x00000000f4300000,0x00000000fa180000)
 ParOldGen       total 409088K, used 275896K [0x0000000084a00000, 0x000000009d980000, 0x00000000d6e00000)
  object space 409088K, 67% used [0x0000000084a00000,0x000000009576e030,0x000000009d980000)
 Metaspace       used 94099K, capacity 95324K, committed 96000K, reserved 1134592K
  class space    used 11143K, capacity 11425K, committed 11520K, reserved 1048576K
GC Heap History (10 events):
Event: 162.124 GC heap before
{Heap before GC invocations=79 (full 5):
 PSYoungGen      total 570368K, used 551447K [0x00000000d6e00000, 0x00000000ffe00000, 0x0000000100000000)
  eden space 471552K, 100% used [0x00000000d6e00000,0x00000000f3a80000,0x00000000f3a80000)
  from space 98816K, 80% used [0x00000000f3a80000,0x00000000f8885e98,0x00000000f9b00000)
  to   space 98304K, 0% used [0x00000000f9e00000,0x00000000f9e00000,0x00000000ffe00000)
 ParOldGen       total 409088K, used 270623K [0x0000000084a00000, 0x000000009d980000, 0x00000000d6e00000)
  object space 409088K, 66% used [0x0000000084a00000,0x0000000095247f60,0x000000009d980000)
 Metaspace       used 87551K, capacity 88656K, committed 89216K, reserved 1128448K
  class space    used 10258K, capacity 10528K, committed 10624K, reserved 1048576K
Event: 162.214 GC heap after
Heap after GC invocations=79 (full 5):
 PSYoungGen      total 573952K, used 79444K [0x00000000d6e00000, 0x00000000ffe80000, 0x0000000100000000)
  eden space 475648K, 0% used [0x00000000d6e00000,0x00000000d6e00000,0x00000000f3e80000)
  from space 98304K, 80% used [0x00000000f9e00000,0x00000000feb952d0,0x00000000ffe00000)
  to   space 97792K, 0% used [0x00000000f3e80000,0x00000000f3e80000,0x00000000f9e00000)
 ParOldGen       total 409088K, used 271683K [0x0000000084a00000, 0x000000009d980000, 0x00000000d6e00000)
  object space 409088K, 66% used [0x0000000084a00000,0x0000000095350c60,0x000000009d980000)
 Metaspace       used 87551K, capacity 88656K, committed 89216K, reserved 1128448K
  class space    used 10258K, capacity 10528K, committed 10624K, reserved 1048576K
}
Event: 163.514 GC heap before
{Heap before GC invocations=80 (full 5):
 PSYoungGen      total 573952K, used 555092K [0x00000000d6e00000, 0x00000000ffe80000, 0x0000000100000000)
  eden space 475648K, 100% used [0x00000000d6e00000,0x00000000f3e80000,0x00000000f3e80000)
  from space 98304K, 80% used [0x00000000f9e00000,0x00000000feb952d0,0x00000000ffe00000)
  to   space 97792K, 0% used [0x00000000f3e80000,0x00000000f3e80000,0x00000000f9e00000)
 ParOldGen       total 409088K, used 271683K [0x0000000084a00000, 0x000000009d980000, 0x00000000d6e00000)
  object space 409088K, 66% used [0x0000000084a00000,0x0000000095350c60,0x000000009d980000)
 Metaspace       used 87661K, capacity 88720K, committed 89472K, reserved 1128448K
  class space    used 10266K, capacity 10528K, committed 10624K, reserved 1048576K
Event: 163.603 GC heap after
Heap after GC invocations=80 (full 5):
 PSYoungGen      total 573440K, used 80032K [0x00000000d6e00000, 0x00000000ffe80000, 0x0000000100000000)
  eden space 475648K, 0% used [0x00000000d6e00000,0x00000000d6e00000,0x00000000f3e80000)
  from space 97792K, 81% used [0x00000000f3e80000,0x00000000f8ca81c0,0x00000000f9e00000)
  to   space 97280K, 0% used [0x00000000f9f80000,0x00000000f9f80000,0x00000000ffe80000)
 ParOldGen       total 409088K, used 272023K [0x0000000084a00000, 0x000000009d980000, 0x00000000d6e00000)
  object space 409088K, 66% used [0x0000000084a00000,0x00000000953a5c70,0x000000009d980000)
 Metaspace       used 87661K, capacity 88720K, committed 89472K, reserved 1128448K
  class space    used 10266K, capacity 10528K, committed 10624K, reserved 1048576K
}
Event: 165.028 GC heap before
{Heap before GC invocations=81 (full 5):
 PSYoungGen      total 573440K, used 555680K [0x00000000d6e00000, 0x00000000ffe80000, 0x0000000100000000)
  eden space 475648K, 100% used [0x00000000d6e00000,0x00000000f3e80000,0x00000000f3e80000)
  from space 97792K, 81% used [0x00000000f3e80000,0x00000000f8ca81c0,0x00000000f9e00000)
  to   space 97280K, 0% used [0x00000000f9f80000,0x00000000f9f80000,0x00000000ffe80000)
 ParOldGen       total 409088K, used 272023K [0x0000000084a00000, 0x000000009d980000, 0x00000000d6e00000)
  object space 409088K, 66% used [0x0000000084a00000,0x00000000953a5c70,0x000000009d980000)
 Metaspace       used 87772K, capacity 88848K, committed 89472K, reserved 1128448K
  class space    used 10275K, capacity 10528K, committed 10624K, reserved 1048576K
Event: 165.148 GC heap after
Heap after GC invocations=81 (full 5):
 PSYoungGen      total 574976K, used 79546K [0x00000000d6e00000, 0x00000000ffd80000, 0x0000000100000000)
  eden space 478720K, 0% used [0x00000000d6e00000,0x00000000d6e00000,0x00000000f4180000)
  from space 96256K, 82% used [0x00000000f9f80000,0x00000000fed2ead0,0x00000000ffd80000)
  to   space 96256K, 0% used [0x00000000f4180000,0x00000000f4180000,0x00000000f9f80000)
 ParOldGen       total 409088K, used 273793K [0x0000000084a00000, 0x000000009d980000, 0x00000000d6e00000)
  object space 409088K, 66% used [0x0000000084a00000,0x0000000095560650,0x000000009d980000)
 Metaspace       used 87772K, capacity 88848K, committed 89472K, reserved 1128448K
  class space    used 10275K, capacity 10528K, committed 10624K, reserved 1048576K
}
Event: 165.752 GC heap before
{Heap before GC invocations=82 (full 5):
 PSYoungGen      total 574976K, used 558266K [0x00000000d6e00000, 0x00000000ffd80000, 0x0000000100000000)
  eden space 478720K, 100% used [0x00000000d6e00000,0x00000000f4180000,0x00000000f4180000)
  from space 96256K, 82% used [0x00000000f9f80000,0x00000000fed2ead0,0x00000000ffd80000)
  to   space 96256K, 0% used [0x00000000f4180000,0x00000000f4180000,0x00000000f9f80000)
 ParOldGen       total 409088K, used 273793K [0x0000000084a00000, 0x000000009d980000, 0x00000000d6e00000)
  object space 409088K, 66% used [0x0000000084a00000,0x0000000095560650,0x000000009d980000)
 Metaspace       used 87772K, capacity 88848K, committed 89472K, reserved 1128448K
  class space    used 10275K, capacity 10528K, committed 10624K, reserved 1048576K
Event: 165.857 GC heap after
Heap after GC invocations=82 (full 5):
 PSYoungGen      total 574976K, used 81309K [0x00000000d6e00000, 0x0000000100000000, 0x0000000100000000)
  eden space 478720K, 0% used [0x00000000d6e00000,0x00000000d6e00000,0x00000000f4180000)
  from space 96256K, 84% used [0x00000000f4180000,0x00000000f90e7620,0x00000000f9f80000)
  to   space 96256K, 0% used [0x00000000fa200000,0x00000000fa200000,0x0000000100000000)
 ParOldGen       total 409088K, used 274133K [0x0000000084a00000, 0x000000009d980000, 0x00000000d6e00000)
  object space 409088K, 67% used [0x0000000084a00000,0x00000000955b5660,0x000000009d980000)
 Metaspace       used 87772K, capacity 88848K, committed 89472K, reserved 1128448K
  class space    used 10275K, capacity 10528K, committed 10624K, reserved 1048576K
}
Event: 167.903 GC heap before
{Heap before GC invocations=83 (full 5):
 PSYoungGen      total 574976K, used 560029K [0x00000000d6e00000, 0x0000000100000000, 0x0000000100000000)
  eden space 478720K, 100% used [0x00000000d6e00000,0x00000000f4180000,0x00000000f4180000)
  from space 96256K, 84% used [0x00000000f4180000,0x00000000f90e7620,0x00000000f9f80000)
  to   space 96256K, 0% used [0x00000000fa200000,0x00000000fa200000,0x0000000100000000)
 ParOldGen       total 409088K, used 274133K [0x0000000084a00000, 0x000000009d980000, 0x00000000d6e00000)
  object space 409088K, 67% used [0x0000000084a00000,0x00000000955b5660,0x000000009d980000)
 Metaspace       used 93055K, capacity 94276K, committed 94848K, reserved 1132544K
  class space    used 11002K, capacity 11293K, committed 11392K, reserved 1048576K
Event: 167.978 GC heap after
Heap after GC invocations=83 (full 5):
 PSYoungGen      total 576512K, used 61757K [0x00000000d6e00000, 0x0000000100000000, 0x0000000100000000)
  eden space 480256K, 0% used [0x00000000d6e00000,0x00000000d6e00000,0x00000000f4300000)
  from space 96256K, 64% used [0x00000000fa200000,0x00000000fde4f640,0x0000000100000000)
  to   space 96768K, 0% used [0x00000000f4300000,0x00000000f4300000,0x00000000fa180000)
 ParOldGen       total 409088K, used 275896K [0x0000000084a00000, 0x000000009d980000, 0x00000000d6e00000)
  object space 409088K, 67% used [0x0000000084a00000,0x000000009576e030,0x000000009d980000)
 Metaspace       used 93055K, capacity 94276K, committed 94848K, reserved 1132544K
  class space    used 11002K, capacity 11293K, committed 11392K, reserved 1048576K
}

