# JRE version: Java(TM) SE Runtime Environment (8.0_121-b13) (build 1.8.0_121-b13)
# Java VM: Java HotSpot(TM) 64-Bit Server VM (25.121-b13 mixed mode linux-amd64 compressed oops)
Heap:
 PSYoungGen      total 572416K, used 69108K [0x00000000d6e00000, 0x0000000100000000, 0x0000000100000000)
  eden space 477696K, 5% used [0x00000000d6e00000,0x00000000d89be190,0x00000000f4080000)
  from space 94720K, 42% used [0x00000000f9a80000,0x00000000fc23ef40,0x00000000ff700000)
  to   space 92160K, 0% used [0x00000000f4080000,0x00000000f4080000,0x00000000f9a80000)
 ParOldGen       total 616448K, used 421890K [0x0000000084a00000, 0x00000000aa400000, 0x00000000d6e00000)
  object space 616448K, 68% used [0x0000000084a00000,0x000000009e600820,0x00000000aa400000)
 Metaspace       used 187425K, capacity 189324K, committed 190336K, reserved 1218560K
  class space    used 20631K, capacity 21033K, committed 21120K, reserved 1048576K
GC Heap History (10 events):
Event: 1038.561 GC heap before
{Heap before GC invocations=107 (full 7):
 PSYoungGen      total 565760K, used 499793K [0x00000000d6e00000, 0x0000000100000000, 0x0000000100000000)
  eden space 460800K, 100% used [0x00000000d6e00000,0x00000000f3000000,0x00000000f3000000)
  from space 104960K, 37% used [0x00000000f3000000,0x00000000f5614750,0x00000000f9680000)
  to   space 103424K, 0% used [0x00000000f9b00000,0x00000000f9b00000,0x0000000100000000)
 ParOldGen       total 616448K, used 413719K [0x0000000084a00000, 0x00000000aa400000, 0x00000000d6e00000)
  object space 616448K, 67% used [0x0000000084a00000,0x000000009de05db0,0x00000000aa400000)
 Metaspace       used 177833K, capacity 179686K, committed 180608K, reserved 1210368K
  class space    used 19899K, capacity 20312K, committed 20352K, reserved 1048576K
Event: 1038.579 GC heap after
Heap after GC invocations=107 (full 7):
 PSYoungGen      total 559104K, used 49188K [0x00000000d6e00000, 0x00000000ff680000, 0x0000000100000000)
  eden space 465408K, 0% used [0x00000000d6e00000,0x00000000d6e00000,0x00000000f3480000)
  from space 93696K, 52% used [0x00000000f9b00000,0x00000000fcb09068,0x00000000ff680000)
  to   space 99328K, 0% used [0x00000000f3480000,0x00000000f3480000,0x00000000f9580000)
 ParOldGen       total 616448K, used 417155K [0x0000000084a00000, 0x00000000aa400000, 0x00000000d6e00000)
  object space 616448K, 67% used [0x0000000084a00000,0x000000009e160dc0,0x00000000aa400000)
 Metaspace       used 177833K, capacity 179686K, committed 180608K, reserved 1210368K
  class space    used 19899K, capacity 20312K, committed 20352K, reserved 1048576K
}
Event: 1041.934 GC heap before
{Heap before GC invocations=108 (full 7):
 PSYoungGen      total 559104K, used 514596K [0x00000000d6e00000, 0x00000000ff680000, 0x0000000100000000)
  eden space 465408K, 100% used [0x00000000d6e00000,0x00000000f3480000,0x00000000f3480000)
  from space 93696K, 52% used [0x00000000f9b00000,0x00000000fcb09068,0x00000000ff680000)
  to   space 99328K, 0% used [0x00000000f3480000,0x00000000f3480000,0x00000000f9580000)
 ParOldGen       total 616448K, used 417155K [0x0000000084a00000, 0x00000000aa400000, 0x00000000d6e00000)
  object space 616448K, 67% used [0x0000000084a00000,0x000000009e160dc0,0x00000000aa400000)
 Metaspace       used 180632K, capacity 182514K, committed 183424K, reserved 1212416K
  class space    used 20084K, capacity 20506K, committed 20608K, reserved 1048576K
Event: 1041.953 GC heap after
Heap after GC invocations=108 (full 7):
 PSYoungGen      total 564736K, used 25763K [0x00000000d6e00000, 0x0000000100000000, 0x0000000100000000)
  eden space 465408K, 0% used [0x00000000d6e00000,0x00000000d6e00000,0x00000000f3480000)
  from space 99328K, 25% used [0x00000000f3480000,0x00000000f4da8ff0,0x00000000f9580000)
  to   space 100352K, 0% used [0x00000000f9e00000,0x00000000f9e00000,0x0000000100000000)
 ParOldGen       total 616448K, used 421874K [0x0000000084a00000, 0x00000000aa400000, 0x00000000d6e00000)
  object space 616448K, 68% used [0x0000000084a00000,0x000000009e5fc820,0x00000000aa400000)
 Metaspace       used 180632K, capacity 182514K, committed 183424K, reserved 1212416K
  class space    used 20084K, capacity 20506K, committed 20608K, reserved 1048576K
}
Event: 1046.211 GC heap before
{Heap before GC invocations=109 (full 7):
 PSYoungGen      total 564736K, used 491171K [0x00000000d6e00000, 0x0000000100000000, 0x0000000100000000)
  eden space 465408K, 100% used [0x00000000d6e00000,0x00000000f3480000,0x00000000f3480000)
  from space 99328K, 25% used [0x00000000f3480000,0x00000000f4da8ff0,0x00000000f9580000)
  to   space 100352K, 0% used [0x00000000f9e00000,0x00000000f9e00000,0x0000000100000000)
 ParOldGen       total 616448K, used 421874K [0x0000000084a00000, 0x00000000aa400000, 0x00000000d6e00000)
  object space 616448K, 68% used [0x0000000084a00000,0x000000009e5fc820,0x00000000aa400000)
 Metaspace       used 183184K, capacity 185082K, committed 186112K, reserved 1214464K
  class space    used 20221K, capacity 20646K, committed 20736K, reserved 1048576K
Event: 1046.232 GC heap after
Heap after GC invocations=109 (full 7):
 PSYoungGen      total 573440K, used 27386K [0x00000000d6e00000, 0x00000000fff00000, 0x0000000100000000)
  eden space 474112K, 0% used [0x00000000d6e00000,0x00000000d6e00000,0x00000000f3d00000)
  from space 99328K, 27% used [0x00000000f9e00000,0x00000000fb8bea00,0x00000000fff00000)
  to   space 99328K, 0% used [0x00000000f3d00000,0x00000000f3d00000,0x00000000f9e00000)
 ParOldGen       total 616448K, used 421882K [0x0000000084a00000, 0x00000000aa400000, 0x00000000d6e00000)
  object space 616448K, 68% used [0x0000000084a00000,0x000000009e5fe820,0x00000000aa400000)
 Metaspace       used 183184K, capacity 185082K, committed 186112K, reserved 1214464K
  class space    used 20221K, capacity 20646K, committed 20736K, reserved 1048576K
}
Event: 1047.621 GC heap before
{Heap before GC invocations=110 (full 7):
 PSYoungGen      total 573440K, used 501498K [0x00000000d6e00000, 0x00000000fff00000, 0x0000000100000000)
  eden space 474112K, 100% used [0x00000000d6e00000,0x00000000f3d00000,0x00000000f3d00000)
  from space 99328K, 27% used [0x00000000f9e00000,0x00000000fb8bea00,0x00000000fff00000)
  to   space 99328K, 0% used [0x00000000f3d00000,0x00000000f3d00000,0x00000000f9e00000)
 ParOldGen       total 616448K, used 421882K [0x0000000084a00000, 0x00000000aa400000, 0x00000000d6e00000)
  object space 616448K, 68% used [0x0000000084a00000,0x000000009e5fe820,0x00000000aa400000)
 Metaspace       used 184523K, capacity 186438K, committed 187392K, reserved 1216512K
  class space    used 20293K, capacity 20712K, committed 20736K, reserved 1048576K
Event: 1047.655 GC heap after
Heap after GC invocations=110 (full 7):
 PSYoungGen      total 524800K, used 50665K [0x00000000d6e00000, 0x00000000ff700000, 0x0000000100000000)
  eden space 474112K, 0% used [0x00000000d6e00000,0x00000000d6e00000,0x00000000f3d00000)
  from space 50688K, 99% used [0x00000000f3d00000,0x00000000f6e7a790,0x00000000f6e80000)
  to   space 94720K, 0% used [0x00000000f9a80000,0x00000000f9a80000,0x00000000ff700000)
 ParOldGen       total 616448K, used 421882K [0x0000000084a00000, 0x00000000aa400000, 0x00000000d6e00000)
  object space 616448K, 68% used [0x0000000084a00000,0x000000009e5fe820,0x00000000aa400000)
 Metaspace       used 184523K, capacity 186438K, committed 187392K, reserved 1216512K
  class space    used 20293K, capacity 20712K, committed 20736K, reserved 1048576K
}
Event: 1053.131 GC heap before
{Heap before GC invocations=111 (full 7):
 PSYoungGen      total 524800K, used 524777K [0x00000000d6e00000, 0x00000000ff700000, 0x0000000100000000)
  eden space 474112K, 100% used [0x00000000d6e00000,0x00000000f3d00000,0x00000000f3d00000)
  from space 50688K, 99% used [0x00000000f3d00000,0x00000000f6e7a790,0x00000000f6e80000)
  to   space 94720K, 0% used [0x00000000f9a80000,0x00000000f9a80000,0x00000000ff700000)
 ParOldGen       total 616448K, used 421882K [0x0000000084a00000, 0x00000000aa400000, 0x00000000d6e00000)
  object space 616448K, 68% used [0x0000000084a00000,0x000000009e5fe820,0x00000000aa400000)
 Metaspace       used 186397K, capacity 188332K, committed 189440K, reserved 1218560K
  class space    used 20506K, capacity 20937K, committed 20992K, reserved 1048576K
Event: 1053.176 GC heap after
Heap after GC invocations=111 (full 7):
 PSYoungGen      total 572416K, used 40699K [0x00000000d6e00000, 0x0000000100000000, 0x0000000100000000)
  eden space 477696K, 0% used [0x00000000d6e00000,0x00000000d6e00000,0x00000000f4080000)
  from space 94720K, 42% used [0x00000000f9a80000,0x00000000fc23ef40,0x00000000ff700000)
  to   space 92160K, 0% used [0x00000000f4080000,0x00000000f4080000,0x00000000f9a80000)
 ParOldGen       total 616448K, used 421890K [0x0000000084a00000, 0x00000000aa400000, 0x00000000d6e00000)
  object space 616448K, 68% used [0x0000000084a00000,0x000000009e600820,0x00000000aa400000)
 Metaspace       used 186397K, capacity 188332K, committed 189440K, reserved 1218560K
  class space    used 20506K, capacity 20937K, committed 20992K, reserved 1048576K
}

