# JRE version: Java(TM) SE Runtime Environment (8.0_121-b13) (build 1.8.0_121-b13)
# Java VM: Java HotSpot(TM) 64-Bit Server VM (25.121-b13 mixed mode linux-amd64 compressed oops)
Heap:
 PSYoungGen      total 577536K, used 561703K [0x00000000d6e00000, 0x00000000fff00000, 0x0000000100000000)
  eden space 483328K, 99% used [0x00000000d6e00000,0x00000000f42a9998,0x00000000f4600000)
  from space 94208K, 86% used [0x00000000f4600000,0x00000000f95e04d0,0x00000000fa200000)
  to   space 93696K, 0% used [0x00000000fa380000,0x00000000fa380000,0x00000000fff00000)
 ParOldGen       total 516096K, used 332687K [0x0000000084a00000, 0x00000000a4200000, 0x00000000d6e00000)
  object space 516096K, 64% used [0x0000000084a00000,0x0000000098ee3c08,0x00000000a4200000)
 Metaspace       used 116195K, capacity 117446K, committed 118144K, reserved 1153024K
  class space    used 13235K, capacity 13570K, committed 13696K, reserved 1048576K
GC Heap History (10 events):
Event: 256.480 GC heap before
{Heap before GC invocations=87 (full 6):
 PSYoungGen      total 572416K, used 553680K [0x00000000d6e00000, 0x00000000ffb80000, 0x0000000100000000)
  eden space 474624K, 100% used [0x00000000d6e00000,0x00000000f3d80000,0x00000000f3d80000)
  from space 97792K, 80% used [0x00000000f9b80000,0x00000000fe8b4170,0x00000000ffb00000)
  to   space 96256K, 0% used [0x00000000f3d80000,0x00000000f3d80000,0x00000000f9b80000)
 ParOldGen       total 516096K, used 326771K [0x0000000084a00000, 0x00000000a4200000, 0x00000000d6e00000)
  object space 516096K, 63% used [0x0000000084a00000,0x000000009891ce48,0x00000000a4200000)
 Metaspace       used 111210K, capacity 112446K, committed 113280K, reserved 1148928K
  class space    used 12510K, capacity 12823K, committed 12928K, reserved 1048576K
Event: 256.583 GC heap after
Heap after GC invocations=87 (full 6):
 PSYoungGen      total 570880K, used 80294K [0x00000000d6e00000, 0x00000000ffd80000, 0x0000000100000000)
  eden space 474624K, 0% used [0x00000000d6e00000,0x00000000d6e00000,0x00000000f3d80000)
  from space 96256K, 83% used [0x00000000f3d80000,0x00000000f8be9b68,0x00000000f9b80000)
  to   space 95744K, 0% used [0x00000000fa000000,0x00000000fa000000,0x00000000ffd80000)
 ParOldGen       total 516096K, used 327826K [0x0000000084a00000, 0x00000000a4200000, 0x00000000d6e00000)
  object space 516096K, 63% used [0x0000000084a00000,0x0000000098a24b48,0x00000000a4200000)
 Metaspace       used 111210K, capacity 112446K, committed 113280K, reserved 1148928K
  class space    used 12510K, capacity 12823K, committed 12928K, reserved 1048576K
}
Event: 257.151 GC heap before
{Heap before GC invocations=88 (full 6):
 PSYoungGen      total 570880K, used 554918K [0x00000000d6e00000, 0x00000000ffd80000, 0x0000000100000000)
  eden space 474624K, 100% used [0x00000000d6e00000,0x00000000f3d80000,0x00000000f3d80000)
  from space 96256K, 83% used [0x00000000f3d80000,0x00000000f8be9b68,0x00000000f9b80000)
  to   space 95744K, 0% used [0x00000000fa000000,0x00000000fa000000,0x00000000ffd80000)
 ParOldGen       total 516096K, used 327826K [0x0000000084a00000, 0x00000000a4200000, 0x00000000d6e00000)
  object space 516096K, 63% used [0x0000000084a00000,0x0000000098a24b48,0x00000000a4200000)
 Metaspace       used 111210K, capacity 112446K, committed 113280K, reserved 1148928K
  class space    used 12510K, capacity 12823K, committed 12928K, reserved 1048576K
Event: 257.255 GC heap after
Heap after GC invocations=88 (full 6):
 PSYoungGen      total 576512K, used 80870K [0x00000000d6e00000, 0x00000000ffd80000, 0x0000000100000000)
  eden space 480768K, 0% used [0x00000000d6e00000,0x00000000d6e00000,0x00000000f4380000)
  from space 95744K, 84% used [0x00000000fa000000,0x00000000feef9bc0,0x00000000ffd80000)
  to   space 94720K, 0% used [0x00000000f4380000,0x00000000f4380000,0x00000000fa000000)
 ParOldGen       total 516096K, used 328886K [0x0000000084a00000, 0x00000000a4200000, 0x00000000d6e00000)
  object space 516096K, 63% used [0x0000000084a00000,0x0000000098b2d848,0x00000000a4200000)
 Metaspace       used 111210K, capacity 112446K, committed 113280K, reserved 1148928K
  class space    used 12510K, capacity 12823K, committed 12928K, reserved 1048576K
}
Event: 257.848 GC heap before
{Heap before GC invocations=89 (full 6):
 PSYoungGen      total 576512K, used 561638K [0x00000000d6e00000, 0x00000000ffd80000, 0x0000000100000000)
  eden space 480768K, 100% used [0x00000000d6e00000,0x00000000f4380000,0x00000000f4380000)
  from space 95744K, 84% used [0x00000000fa000000,0x00000000feef9bc0,0x00000000ffd80000)
  to   space 94720K, 0% used [0x00000000f4380000,0x00000000f4380000,0x00000000fa000000)
 ParOldGen       total 516096K, used 328886K [0x0000000084a00000, 0x00000000a4200000, 0x00000000d6e00000)
  object space 516096K, 63% used [0x0000000084a00000,0x0000000098b2d848,0x00000000a4200000)
 Metaspace       used 111210K, capacity 112446K, committed 113280K, reserved 1148928K
  class space    used 12510K, capacity 12823K, committed 12928K, reserved 1048576K
Event: 257.961 GC heap after
Heap after GC invocations=89 (full 6):
 PSYoungGen      total 575488K, used 81326K [0x00000000d6e00000, 0x00000000ffe00000, 0x0000000100000000)
  eden space 480768K, 0% used [0x00000000d6e00000,0x00000000d6e00000,0x00000000f4380000)
  from space 94720K, 85% used [0x00000000f4380000,0x00000000f92ebb60,0x00000000fa000000)
  to   space 94208K, 0% used [0x00000000fa200000,0x00000000fa200000,0x00000000ffe00000)
 ParOldGen       total 516096K, used 330664K [0x0000000084a00000, 0x00000000a4200000, 0x00000000d6e00000)
  object space 516096K, 64% used [0x0000000084a00000,0x0000000098cea228,0x00000000a4200000)
 Metaspace       used 111210K, capacity 112446K, committed 113280K, reserved 1148928K
  class space    used 12510K, capacity 12823K, committed 12928K, reserved 1048576K
}
Event: 258.523 GC heap before
{Heap before GC invocations=90 (full 6):
 PSYoungGen      total 575488K, used 562094K [0x00000000d6e00000, 0x00000000ffe00000, 0x0000000100000000)
  eden space 480768K, 100% used [0x00000000d6e00000,0x00000000f4380000,0x00000000f4380000)
  from space 94720K, 85% used [0x00000000f4380000,0x00000000f92ebb60,0x00000000fa000000)
  to   space 94208K, 0% used [0x00000000fa200000,0x00000000fa200000,0x00000000ffe00000)
 ParOldGen       total 516096K, used 330664K [0x0000000084a00000, 0x00000000a4200000, 0x00000000d6e00000)
  object space 516096K, 64% used [0x0000000084a00000,0x0000000098cea228,0x00000000a4200000)
 Metaspace       used 111210K, capacity 112446K, committed 113280K, reserved 1148928K
  class space    used 12510K, capacity 12823K, committed 12928K, reserved 1048576K
Event: 258.613 GC heap after
Heap after GC invocations=90 (full 6):
 PSYoungGen      total 577536K, used 81839K [0x00000000d6e00000, 0x00000000fff80000, 0x0000000100000000)
  eden space 483328K, 0% used [0x00000000d6e00000,0x00000000d6e00000,0x00000000f4600000)
  from space 94208K, 86% used [0x00000000fa200000,0x00000000ff1ebf80,0x00000000ffe00000)
  to   space 94208K, 0% used [0x00000000f4600000,0x00000000f4600000,0x00000000fa200000)
 ParOldGen       total 516096K, used 331012K [0x0000000084a00000, 0x00000000a4200000, 0x00000000d6e00000)
  object space 516096K, 64% used [0x0000000084a00000,0x0000000098d41248,0x00000000a4200000)
 Metaspace       used 111210K, capacity 112446K, committed 113280K, reserved 1148928K
  class space    used 12510K, capacity 12823K, committed 12928K, reserved 1048576K
}
Event: 259.201 GC heap before
{Heap before GC invocations=91 (full 6):
 PSYoungGen      total 577536K, used 565167K [0x00000000d6e00000, 0x00000000fff80000, 0x0000000100000000)
  eden space 483328K, 100% used [0x00000000d6e00000,0x00000000f4600000,0x00000000f4600000)
  from space 94208K, 86% used [0x00000000fa200000,0x00000000ff1ebf80,0x00000000ffe00000)
  to   space 94208K, 0% used [0x00000000f4600000,0x00000000f4600000,0x00000000fa200000)
 ParOldGen       total 516096K, used 331012K [0x0000000084a00000, 0x00000000a4200000, 0x00000000d6e00000)
  object space 516096K, 64% used [0x0000000084a00000,0x0000000098d41248,0x00000000a4200000)
 Metaspace       used 111210K, capacity 112446K, committed 113280K, reserved 1148928K
  class space    used 12510K, capacity 12823K, committed 12928K, reserved 1048576K
Event: 259.292 GC heap after
Heap after GC invocations=91 (full 6):
 PSYoungGen      total 577536K, used 81793K [0x00000000d6e00000, 0x00000000fff00000, 0x0000000100000000)
  eden space 483328K, 0% used [0x00000000d6e00000,0x00000000d6e00000,0x00000000f4600000)
  from space 94208K, 86% used [0x00000000f4600000,0x00000000f95e04d0,0x00000000fa200000)
  to   space 93696K, 0% used [0x00000000fa380000,0x00000000fa380000,0x00000000fff00000)
 ParOldGen       total 516096K, used 332687K [0x0000000084a00000, 0x00000000a4200000, 0x00000000d6e00000)
  object space 516096K, 64% used [0x0000000084a00000,0x0000000098ee3c08,0x00000000a4200000)
 Metaspace       used 111210K, capacity 112446K, committed 113280K, reserved 1148928K
  class space    used 12510K, capacity 12823K, committed 12928K, reserved 1048576K
}

